#2019-01-08
walter ; Nothing recedes like success.-- Walter Winchell ; fortune app

pander ; Foreign word of the day  in Danish snobbe nedad verb (derogatory) to pander to the lowest common denominator; to appeal to lowbrow tastes ; wotd/wikt









apophasis ; Word of the day for January 7 to say nothing of conj (idiomatic) An apophasis used to mention another important, usually related, point: not taking into account, not to mention, without considering. ; wotd/wikt

altricial ; A downy altricial bird is not ready to fly and a downy precocial is ready to leave the nest. ; wotd;oed

nidicolous ; until sufficiently developed to live without parental care. Also: (of a species) bearing young of this kind nidicolous. Contrasted with precocial. ; wotd/altricial/oed

precocial ; until sufficiently developed to live without parental care. Also: (of a species) bearing young of this kind nidicolous. Contrasted with precocial. ; wotd/altricial/oed

pup ; There are six pups in an average coyote litter, and they are altricial, or dependent, at birth. ; wotd/oed/altricial

puisne judge ; Sir William Jones FRS FRSE (28 September 1746 – 27 April 1794) was an Anglo-Welsh philologist, a puisne judge on the Supreme Court of Judicature at Fort William in Bengal, ; wiki/moby dick

hacienda ; For words like stupefy (a modification of Latin stupefacere) and hacienda (originally, in Old Spanish and Latin, facienda) the facere factor is not so apparent. As for surfeit, the "c" was dropped along the path that led from Latin through Anglo-French, where facere became faire and sur- was added to make the  ; wotd/mw/surfeit

permute ; The implementation of getopt in GNU C Library does permute the contents of the argument vector as it scans, so that eventually all the non-option arguments are at the end. ; wiki/getopt

#2020-01-12

troubadour ; A highly conventionalized medieval tradition of love between a knight and a married noblewoman, first developed by the troubadours of southern France and extensively employed in European literature from the 12th century throughout the medieval period ; wotd/oed/mour courtois, n.

mour courtois, n. ; 2002   Ashmolean Spring 10   The choreography of amour courtois is invested in these objects with an intense aesthetic refinement. ; wotd/oed

euchred ; My breath comes hard—I’m euchred boy … ROBERT H. NEWELL, "LETTER X," THE ORPHEUS C. KERR PAPERS, 1862 ; wotd/ddc

recondite ; Whether subsidence plunged the huge morass, / With vegetation, soil, and trees, en masse— / Or, if the flood had drown'd the boggy all, / As streaming torrents roar'd in surly bawl— / Let dons decide, on whom these points devolve; / Such recondites are truely hard to solve.  ; wotd/wikt

morass ; Whether subsidence plunged the huge morass, / With vegetation, soil, and trees, en masse— / Or, if the flood had drown'd the boggy all, / As streaming torrents roar'd in surly bawl— / Let dons decide, on whom these points devolve; / Such recondites are truely hard to solve. ; wotd/wikt/recondite

en masse ; Whether subsidence plunged the huge morass, / With vegetation, soil, and trees, en masse— / Or, if the flood had drown'd the boggy all, / As streaming torrents roar'd in surly bawl— / Let dons decide, on whom these points devolve; / Such recondites are truely hard to solve. ; wotd/wikt/recondite

weal ; "All our life … is but a mass of habits,—practical, emotional, and intellectual,—systematically organized for our weal or woe, and bearing us irresistibly toward our destiny, whatever the latter may be." — William James, Talks to Teachers on Psychology, 1899 ; wotd/mw

come prima ; When the reprise of the theme occurs, Mozart does not give himself the trouble to write out the orchestration a second time, but merely writes across the lines the words, “Come prima.” — The Musical World (London, ENg.), 26 Jan. 1856  ; mw/trending


antiphon ; In this context some discussions with Antiphon the sophist deserve record. ; syn/sdc/context

manducate ;

Greek μασᾶσθαι to chew, and perhaps also with Old Icelandic mél bit (see meldrop n.). With the termination of mandūcus compare cadūcus (see ]w]caducous[ adj.). --- ]o]wotd/oed/manducate[

fugacious --- ]o]wotd/oed/manducate[

#2019-01-14

Now some ]p]Nantucketers[ rather distrust this historical story of Jonah and the whale. --- ]o]moby-dick[



But, to this, Bishop ]w]Jebb[’s anticipative answer is ready. It is not necessary, hints the Bishop, that we consider Jonah --- ]o]moby-dick[



and ]p]Arion[ and the dolphin --- ]o]moby-dick[



Ensconce (?), v. t. [imp. & p. p. Ensconced (?); imp. & p. p. Ensconcing (?).] To cover or shelter, as with a ]w]sconce[ or fort; to place or hide securely; to conceal. She shall not see me: I will ensconce me behind the arras. Shak. --- ]o]moby-dick/ensconce[





Jonah might have ]w]ensconced[ himself in a hollow tooth --- ]o]moby-dick[



being too shallow for any whale to swim in. Besides, this idea of Jonah’s ]w]weathering[ the Cape of Good Hope at so early a day would wrest the honor of the discovery of that great headland from Bartholomew Diaz --- ]o]moby-dick[



the highly enlightened Turks ]w]devoutly[ believe in the historical story of Jonah. And some three centuries ago, --- ]o]moby-dick[



to consume (the ]w]consecrated[ host) at the Eucharist. --- ]o]wotd/oed/manducate[




[?a1425   tr. Guy de Chauliac Grande Chirurgie (N.Y. Acad. Med.) f. 83v (MED)   If forsoþ it [sc. an ulcer] be somych augmented in malice þat it consumeþ membrez, it ys said manducans, i. etyng.] --- ]o]wotd/oed/manducate[



1623   ]b]H. Cockeram Eng. Dict.[   Manducate, to eat. --- ]o]wotd/oed/manducate[



1727   in ]b]N. Bailey Universal Etymol. Eng. Dict. II[   Manducate --- ]o]wotd/oed/manducate[



1983   ]b]‘Trevanian’ Summer of Katya[ (1984) 148   Fell upon the wretched vegetable and manducated it. --- ]o]wotd/oed/manducate[




1826   ]b]J. M. Good Bk. Nature I.[ xii. 310   The..manducated food. --- ]o]wotd/oed/manducate[



he is a flat-out ]w]mythomane[, dedicated to the Sublime, the Enormous and the Ultra-German; a marvelous artist at his best and at his worst a Black Forest ham. ROBERT HUGHES, "MOCKER OF ALL STYLES," TIME, MAY 27, 1999 --- ]o]wotd/ddc[





… when the Alpine climbers ascend the snow-clad mountains of picturesque Switzerland and gather a pretty little bouquet of a dozen different ]w]nival[ flowers, on that barren zone …. C. O. VAN CLEVE, "ARCTIC FLOWERS," ANNUAL REPORT OF THE MINNESOTA STATE HORTICULTURAL SOCIETY, 1888 --- ]o]wotd/ddc[





1976 April, Colin Dexter, chapter 38, in Last Seen Wearing, London: Pan Books, →ISBN; paperback edition, London: Pan Books, 2016, →ISBN:
With sudden interest Morse turned up the volume [of the radio]: the voice was donnish, slightly effeminate. [...] 'Shert erp, you ]w]poncy[ twit!' he said aloud, got out of bed, pulled on his clothes, walked downstairs and dialled the speaking clock. --- ]o]wotd/wikt[



1990, Dale Gunthorp, “Gypsophilia”, in Naomi Holoch and Joan Nestle, editors, The Vintage Book of International Lesbian Fiction, New York, N.Y.: Vintage Books, published 1999 (2010 printing), →ISBN, page 86:
It was Johannesburg's only regular gay bar in those days, and not even a proper bar. [...] Since apartheid was a way of life, only the ]w]ponciest[ of African queens, only the butchest of Indian dykes could appear—noncitizens acceptable, in this underworld that was deviant but uncourageous, so long as they were no more than bedding material. --- ]o]wotd/wikt[



1992, Liza Cody, chapter 8, in Bucket Nut, London: Chatto and Windus, →ISBN; paperback edition, London: Bloomsbury Publishing, 1997, →ISBN, page 32: And in his ]w]ponciest[ voice he said, 'I do most humbly apologise.' --- ]o]wotd/wikt[



Uncertain, but probably an ]w]aphetic[ form of French alphonse (“kept man”), from the male given name Alphonse. Also sometimes connected to pounce or French pensionnaire (“pensioner, person living without working”). --- ]o]wotd/wikt/ponce[



2000, Ben Kingsley as Don Logan, Sexy Beast: Thanks Don, see you Don, off to sunny Spain now Don, fuck off Don. Lying in your pool like a fat blob laughing at me, you think I'm gonna have that? You really think I'm gonna have that, ya ]w]ponce[. --- ]o]wotd/wikt/poncy[



]w]ponce wheel[ (plural ponce wheels) A small metal wheel with evenly spaced points or spikes used for making a series of small holes in soft material such as fabric, leather, wood or paper, so as to leave an indelible but hardly visible mark. --- ]o]wotd/wikt/poncy[



1999, Neil Gaiman, Stardust, New York, N.Y.: Spike, →ISBN; 1st Perennial edition, New York, N.Y.: Perennial, 2001, →ISBN, page 58:
But the youth of today were a pasty lot, with none of the get-up-and-go, none of the vigor and ]w]vim[ that he remembered from the days when he was young … --- ]o]wotd/wikt[



The show had a lot of ]w]pizzazz[, with glittering costumes and upbeat music --- ]o]wotd/wikt/vim[



A ]w]Burmese[ unit of measure for weight, approximately 1.63293 kilograms (3.6 pounds). --- ]o]wotd/wikt/vim/vis/viss[

]w]tical[ (a unit of weight equal to 0.01 viss) --- ]o]wotd/wikt/vim/vis/viss[



]w]vis[ --- ]o]wotd/wikt/vim[

Abbreviation of ]w]viscount[.



A member of the ]w]peerage[, above a baron but below a count or earl. --- ]o]wotd/wikt/vim/vis/viscount[

(entomology) Any of various ]w]nymphalid[ butterflies of the genus Tanaecia. Other butterflies in this genus are called earls and counts. --- ]o]wotd/wikt/vim/vis/viscount[



When the reprise of the theme occurs, Mozart does not give himself the trouble to write out the orchestration a second time, but merely writes across the lines the words, “]w]Come prima[.” — The Musical World (London, ENg.), 26 Jan. 1856 --- ]o]mw/trend[



From Old English ęft (again) + sona (soon). Ultimately from the Indo-European root apo- (off or away), which is also the source of after, off, awkward, post, puny, ]w]appose[, and ]w]apposite[. Earliest documented use: 1000. --- ]o]wotd/awad/eftsoon[



]w]eftsoons[ we turned to the volume of Shakespeare that we had at hand.” Al Sicherman; Al’s ‘Midsummer Night’s Dream’; Minneapolis Star and Tribune (Minnesota); Aug 9, 1987. --- ]o]wotd/awad[



Mrs May survives ]w]faute de mieux[. The Tory party can’t agree on who should succeed her and both factions fear that the alternative would be worse for them.” James Forsyth: The Plots Thicken; The Spectator (London, UK); Oct 14, 2017 --- ]o]wotd/awad[

Yo you wanna smoke some ]w]jebb[?" "Hell yeah, put some DMB on" --- ]moby-dick/jebb[

in the Elder ]w]Futhark[ and was called ]w]thorn[ in the Anglo-Saxon and thorn or thurs in the Scandinavian rune poems. --- ]o]wotd/oed/manducate[

It is pronounced as either a voiceless dental ]w]fricative[ [θ] or the voiced counterpart of it [ð]. However, in modern Icelandic, it is pronounced as a laminal voiceless ]w]alveolar[ non-sibilant fricative [θ̠],[1][2] similar to th as in the English word thick, or a (usually ---  ]o]wotd/oed/manducate/thorn[

e freely-distributed official -and- format was first con-
verted personally to Unofficial Texinfo Format () version 1 by Lytha
Ayth during a long Emacs ]w]lovefest[ weekend in April, 2001.   --- ]o]sicp[

Our traffic with the subject maer of this book involves us with
three ]w]foci[ of phenomena --- ]o]sicp[

and understanding them is essential to participation
in the ]w]Promethean[ enterprise called programming. --- ]o]sicp[

e first edition of the book closely followed the ]w]syllabus[ of our
 one-semester subject. --- ]o]sicp[

]b]N.E.D. (1908)[ gives the pronunciation as (miuzǫ·fŏbist) /mjuːˈzɒfəbɪst/. --- wotd/oed/musophobist

1880   A. C. Swinburne Misc. (1886) 49   But, be it said with leave of our most illustrious Musophobist, they are equalled at their best if not excelled [etc.]. --- wotd/oed/



at is the argument we have heard from
our ]w]humanists[ and most of our computer scientists.--- sicp

—]p]Marvin Minsky[, “Why Programming Is a Good Medium
for Expressing Poorly-Understood and Sloppily-Formulated
Ideas” --- sicp

Scheme, the dialect of Lisp that we use, is an aempt to bring to-
gether the power and elegance of Lisp and Algol. From Lisp we take the
]w]metalinguistic[ power that derives from the simple syntax, --- sicp




Cafe Minimalism:
	To espouse a philosophy of minimalism without actually putting
into practice any of its ]w]tenets[.
		-- Douglas Coupland, "Generation X: Tales for an Accelerated
		   Culture" --- fortune

From The Collaborative International Dictionary of English v.0.48 [gcide]:

  Ad- \Ad-\ [A Latin preposition, signifying to. See {At}.]
     As a prefix ad- assumes the forms ac-, af-, ag-, al-, an-,
     ap-, ar-, as-, at-, assimilating the d with the first letter
     of the word to which ad- is prefixed. It remains unchanged
     before vowels, and before d, h, j, m, v. Examples: adduce,
     adhere, adjacent, admit, advent, accord, affect, aggregate,
     allude, annex, appear, etc. It becomes ac- before qu, as in
     acquiesce.
     [1913 Webster] --- sicporfrtune


there is a long history of erroneous def-
initions of substitution in the literature of logic and programming semantics. ]p]See Stoy[
]b]1977 for a careful discussion of substitution[.

Imperate \Im"pe*rate\, a. [L. imperatus, p. p. of imperare to
     command.]
     Done by express direction; not involuntary; communded. [Obs.]
     [1913 Webster]
  
           Those imperate acts, wherein we see the empire of the
           soul.                                    --Sir M. Hale.
     [1913 Webster] --- sicp




is square-root algorithm is actually a special case of Newton’s method, which is
a general technique for finding roots of equations. e square-root algorithm itself was
developed by ]p]Heron[ of Alexandria in the first century .. We will see how to express
the general Newton’s method as a Lisp procedure in Section 1.3.4. --- sicp

Now let’s formalize the process in terms of procedures. We start
with a value for the ]w]radicand[ (the number whose square root we are
trying to compute) and a value for the guess. If the guess is good enough
for our purposes, we are done; if not, we must repeat the process with
an improved guess. We write this basic strategy as a procedure: --- sicp

sea of ]w]cortez[ --- inca/gold 381

sarason was not ]w]clairvoyant[ --- inca/gold 381

]w]emasculated[ tupac amaru --- inca/gold 387

you would better lay off the ]w]mescal[ --- inca/gold 388

packing ]w]crate[ --- inca/gold 389

imbalance of four bodily fluids, or humors: blood, ]w]phlegm[, ]w]black bile[, and ]w]yellow bile[. It was believed that a deficiency of yellow bile, or choler, the humor --- wotd/mw/lily-livered



The deus ex machina aspect of Mando's comrades popping up to save him and Baby Yoda from certain death once he proved he wasn't a ]w]lily-livered[ Empire flunky kind of irked me, but I often have that complaint with sci-fi and superhero stories, both of which are prone to ending battles with an out-of-nowhere assist." — Katie Rife, The A.V. Club, 22 Nov. 2019 --- wotd/mw



. Club, 22 Nov. 2019

"I did see more salads than should be allowed in a place like this—something the tentacle-bearded sea captain would surely dismiss as ]w]lily-livered[ landlubber food. And when you're deep inside the belly of Helmsman Ale House, marvelling at the … original arched, wood-beam ceilings that make you feel as if you've been swallowed by the hull of an ancient schooner, salad seems a silly thing to eat, especially while you're chugging a pint." — Edwin Goei, OC Weekly (Costa Mesa, California), 25 Sept. 2019 --- wotd/mw


He seemed to be working in obedience to some particular presentiment



precipice
Precipice (?), n. [F. précipice, L. praecipitium, fr. praeceps, -cipitis, headlong; prae before + caput, capitis, the head. See Pre-, and Chief.] 1. A sudden or headlong fall. [Obs.]  Fuller.

2. A headlong steep; a very steep, perpendicular, or overhanging place; an abrupt declivity; a cliff.

Where wealth like fruit on precipices grew. Dryden.





they turned and fled with swift precipitancy;



as of Cleopatra’s barges from Actium



became imperative to lance the flying whale, or



none exceed that fine manœuvre with the lance called pitchpoling



none exceed that fine manœuvre with the lance called pitchpoling. Small sword, or broad sword, in all its exercises boasts nothing like it



inveterate
Inveterate (?), v. t. To fix and settle by long continuance. [Obs.]  Bacon.

Inveterate (?), a. [L. inveteratus, p. p. of inveterare to render old; pref. in- in + vetus, veteris, old. See Veteran.]

1. Old; long-established. [Obs.]

It is an inveterate and received opinion. Bacon.

2. Firmly established by long continuance; obstinate; deep-rooted; of long standing; as, an inveterate disease; an inveterate abuse.

Heal the inveterate canker of one wound. Shak.

3. Having habits fixed by long continuance; confirmed; habitual; as, an inveterate idler or smoker.

4. Malignant; virulent; spiteful.  H. Brooke.





It is only indispensable with an inveterate running whale; its



git clone https://alaa2amz@bitbucket.org/alaa2amz/root.git



Woe to him whose daring hand profanes
           The honored heirlooms of his ancestors.  --Moir.
     [1913 Webster]




1652   J. Gaule Πυς-μαντια 142   To trouble his own answer, and confound his own sentence,..through an ambagicall circumlocution of words and termes.
1921   Public Opinion 30 Dec. 653/2   Nothing could be..more sententious and ambagical than the first chapter of ‘The Newcomes’.



1998   P. B. Taylor Chaucer Translator v. 72   Chaucer's apology is..a brilliantly contrived and multilayered piece of ambage.




gewgaw



Trangam, also spelled trangame, trangram, and trankum, is a rare noun with no obvious etymology. Sir Walter Scott (1771–1832) helped revive trangam in The Abbot (1820), one of the earlier Waverley Novels. Trangam entered English in the 17th century.



And meet time it was, when yon usher, vinegar-faced rogue that he is, began to enquire what popish trangam you were wearing …

SIR WALTER SCOTT, THE ABBOT, 1820



Go, go your ways, get you gone, and finefy your Knacks and Tranghams …

APHRA BEHN, SIR PATIENT FANCY, 1678



Word of the day
for January 15
wench n
(archaic, now dialectal or humorous) A girl or young woman, especially a buxom or lively one.
(specifically) A girl or young woman of a lower class.



gave English artificial. Artificium, in turn, developed from ars, the Latin root underlying the word art (and related terms such as artist and artisan).



developed from ars, the Latin root underlying the word art (and related terms such as artist and artisan).



Examples
"A generation that's grown up with Snapchat-filtered selfies and pop feminism seems to have an innate understanding that artifice doesn't negate authenticity, or that a penchant for towering wigs



and Wilson introduced a soupçon of reality to offset the artifice. H



after she's instantly smitten with errant rich-kid Tony, who's slumming it as an errand boy



and Wilson introduced a soupçon of reality to offset the artifice. Having pretended



USAGE:
“The wind now rising amain, he in vain strove.”
Herman Melville; Moby Dick; Harper; 1851.



A THOUGHT FOR TODAY:
It is not what we do, but also what we do not do, for which we are accountable. -Moliere, actor and playwright (15 Jan 1622-1673)



warp
Warp, n. [AS. wearp; akin to Icel. varp a casting, throwing, Sw. varp the draught of a net, Dan. varp a towline, OHG. warf warp, G. werft.  See Warp, v.]

1. (Weaving) The threads which are extended lengthwise in the loom, and crossed by the woof.

2. (Naut.) A rope used in hauling or moving a vessel, usually with one end attached to an anchor, a post, or other fixed object; a towing line; a warping hawser.

3. (Agric.) A slimy substance deposited on land by tides, etc., by which a rich alluvial soil is formed.  Lyell.

4. A premature casting of young; -- said of cattle, sheep, etc.  [Prov. Eng.]

5. Four; esp., four herrings; a cast.  See Cast, n., 17.  [Prov. Eng.]  Wright.

6. [From Warp, v.] The state of being warped or twisted; as, the warp of a board.

Warp beam, the roller on which the warp is wound in a loom. -- Warp fabric, fabric produced by warp knitting. -- Warp frame, or Warp-net frame, a machine for making warp lace having a number of needles and employing a thread for each needle. -- Warp knitting, a kind of knitting in which a number of threads are interchained each with one or more contiguous threads on either side; -- also called warp weaving. -- Warp lace, or Warp net, lace having a warp crossed by weft threads.

Warp (warp), v. t. [imp. & p. p. Warped (warpt); p. pr. & vb. n. Warping.] [OE. warpen; fr. Icel. varpa to throw, cast, varp a casting, fr. verpa to throw; akin to Dan. varpe to warp a ship, Sw. varpa, AS. weorpan to cast, OS. werpan, OFries. werpa, D. & LG. werpen, G. werfen, Goth. waírpan; cf. Skr. vṛj to twist. √144.  Cf. Wrap.]

1. To throw; hence, to send forth, or throw out, as words; to utter.  [Obs.]  Piers Plowman.

2. To turn or twist out of shape; esp., to twist or bend out of a flat plane by contraction or otherwise.

The planks looked warped. Coleridge.

Walter warped his mouth at this

To something so mock solemn, that I laughed. Tennyson.

3. To turn aside from the true direction; to cause to bend or incline; to pervert.

This first avowed, nor folly warped my mind. Dryden.

I have no private considerations to warp me in this controversy. Addison.

We are divested of all those passions which cloud the intellects, and warp the understandings, of men. Southey.

4. To weave; to fabricate.  [R. & Poetic.]  Nares.

While doth he mischief warp. Sternhold.

5. (Naut.) To tow or move, as a vessel, with a line, or warp, attached to a buoy, anchor, or other fixed object.

6. To cast prematurely, as young; -- said of cattle, sheep, etc.  [Prov. Eng.]

7. (Agric.) To let the tide or other water in upon (lowlying land), for the purpose of fertilization, by a deposit of warp, or slimy substance.  [Prov. Eng.]

8. (Rope Making) To run off the reel into hauls to be tarred, as yarns.

9. (Weaving) To arrange (yarns) on a warp beam.

10. (Aeronautics) To twist the end surfaces of (an aerocurve in an airfoil) in order to restore or maintain equilibrium.

Warped surface (Geom.), a surface generated by a straight line moving so that no two of its consecutive positions shall be in the same plane.  Davies & Peck.

Warp (?), v. i. 1. To turn, twist, or be twisted out of shape; esp., to be twisted or bent out of a flat plane; as, a board warps in seasoning or shrinking.

One of you will prove a shrunk panel, and, like green timber, warp, warp. Shak.

They clamp one piece of wood to the end of another, to keep it from casting, or warping. Moxon.

2. to turn or incline from a straight, true, or proper course; to deviate; to swerve.

There is our commission,

From which we would not have you warp. Shak.

3. To fly with a bending or waving motion; to turn and wave, like a flock of birds or insects.

A pitchy cloud

Of locusts, warping on the eastern wind. Milton.

4. To cast the young prematurely; to slink; -- said of cattle, sheep, etc.  [Prov. Eng.]

5. (Weaving) To wind yarn off bobbins for forming the warp of a web; to wind a warp on a warp beam.





Stubb whistlingly gathers up the coil of the warp in one hand, so as to secure its free end in his grasp,



That drove the spigot out of him!” cried Stubb.



and the wonderful books by Mike Eisenberg and by Brian Harvey and Mahew Wright.
We appreciate the work of those who contributed



Hardy Mayer, Jim Miller, and especially Brian Harvey, who did unto this book as Julie did unto his book Simply Scheme.
Finally, we would like to acknowledge



this is called abstraction,
and thus all its general ideas are made.
—John Locke, An Essay Concerning Human Understanding (1690)



In fact, the “percolate values upward” form of the evaluation rule is an example of a general kind of process known as tree accumulation.



Each special form has its own evaluation rule.



ways are sometimes called syntactic sugar, to use a phrase coined by Peter Landin.



complex. In the words of Alan Perlis, “Syntactic sugar causes cancer of the semicolon.”

