#2019-01-08
walter ; Nothing recedes like success.-- Walter Winchell ; fortune app

pander ; Foreign word of the day  in Danish snobbe nedad verb (derogatory) to pander to the lowest common denominator; to appeal to lowbrow tastes ; wotd/wikt









apophasis ; Word of the day for January 7 to say nothing of conj (idiomatic) An apophasis used to mention another important, usually related, point: not taking into account, not to mention, without considering. ; wotd/wikt

altricial ; A downy altricial bird is not ready to fly and a downy precocial is ready to leave the nest. ; wotd;oed

nidicolous ; until sufficiently developed to live without parental care. Also: (of a species) bearing young of this kind nidicolous. Contrasted with precocial. ; wotd/altricial/oed

precocial ; until sufficiently developed to live without parental care. Also: (of a species) bearing young of this kind nidicolous. Contrasted with precocial. ; wotd/altricial/oed

pup ; There are six pups in an average coyote litter, and they are altricial, or dependent, at birth. ; wotd/oed/altricial

puisne judge ; Sir William Jones FRS FRSE (28 September 1746 – 27 April 1794) was an Anglo-Welsh philologist, a puisne judge on the Supreme Court of Judicature at Fort William in Bengal, ; wiki/moby dick

hacienda ; For words like stupefy (a modification of Latin stupefacere) and hacienda (originally, in Old Spanish and Latin, facienda) the facere factor is not so apparent. As for surfeit, the "c" was dropped along the path that led from Latin through Anglo-French, where facere became faire and sur- was added to make the  ; wotd/mw/surfeit

permute ; The implementation of getopt in GNU C Library does permute the contents of the argument vector as it scans, so that eventually all the non-option arguments are at the end. ; wiki/getopt

#2020-01-12

troubadour ; A highly conventionalized medieval tradition of love between a knight and a married noblewoman, first developed by the troubadours of southern France and extensively employed in European literature from the 12th century throughout the medieval period ; wotd/oed/mour courtois, n.

mour courtois, n. ; 2002   Ashmolean Spring 10   The choreography of amour courtois is invested in these objects with an intense aesthetic refinement. ; wotd/oed

euchred ; My breath comes hard—I’m euchred boy … ROBERT H. NEWELL, "LETTER X," THE ORPHEUS C. KERR PAPERS, 1862 ; wotd/ddc

recondite ; Whether subsidence plunged the huge morass, / With vegetation, soil, and trees, en masse— / Or, if the flood had drown'd the boggy all, / As streaming torrents roar'd in surly bawl— / Let dons decide, on whom these points devolve; / Such recondites are truely hard to solve.  ; wotd/wikt

morass ; Whether subsidence plunged the huge morass, / With vegetation, soil, and trees, en masse— / Or, if the flood had drown'd the boggy all, / As streaming torrents roar'd in surly bawl— / Let dons decide, on whom these points devolve; / Such recondites are truely hard to solve. ; wotd/wikt/recondite

en masse ; Whether subsidence plunged the huge morass, / With vegetation, soil, and trees, en masse— / Or, if the flood had drown'd the boggy all, / As streaming torrents roar'd in surly bawl— / Let dons decide, on whom these points devolve; / Such recondites are truely hard to solve. ; wotd/wikt/recondite

weal ; "All our life … is but a mass of habits,—practical, emotional, and intellectual,—systematically organized for our weal or woe, and bearing us irresistibly toward our destiny, whatever the latter may be." — William James, Talks to Teachers on Psychology, 1899 ; wotd/mw

come prima ; When the reprise of the theme occurs, Mozart does not give himself the trouble to write out the orchestration a second time, but merely writes across the lines the words, “Come prima.” — The Musical World (London, ENg.), 26 Jan. 1856  ; mw/trending


antiphon ; In this context some discussions with Antiphon the sophist deserve record. ; syn/sdc/context

manducate ;

Greek μασᾶσθαι to chew, and perhaps also with Old Icelandic mél bit (see meldrop n.). With the termination of mandūcus compare cadūcus (see ]w]caducous[ adj.). --- ]o]wotd/oed/manducate[

fugacious --- ]o]wotd/oed/manducate[

#2019-01-14

Now some ]p]Nantucketers[ rather distrust this historical story of Jonah and the whale. --- ]o]moby-dick[



But, to this, Bishop ]w]Jebb[’s anticipative answer is ready. It is not necessary, hints the Bishop, that we consider Jonah --- ]o]moby-dick[



and ]p]Arion[ and the dolphin --- ]o]moby-dick[



Ensconce (?), v. t. [imp. & p. p. Ensconced (?); imp. & p. p. Ensconcing (?).] To cover or shelter, as with a ]w]sconce[ or fort; to place or hide securely; to conceal. She shall not see me: I will ensconce me behind the arras. Shak. --- ]o]moby-dick/ensconce[





Jonah might have ]w]ensconced[ himself in a hollow tooth --- ]o]moby-dick[



being too shallow for any whale to swim in. Besides, this idea of Jonah’s ]w]weathering[ the Cape of Good Hope at so early a day would wrest the honor of the discovery of that great headland from Bartholomew Diaz --- ]o]moby-dick[



the highly enlightened Turks ]w]devoutly[ believe in the historical story of Jonah. And some three centuries ago, --- ]o]moby-dick[



to consume (the ]w]consecrated[ host) at the Eucharist. --- ]o]wotd/oed/manducate[




[?a1425   tr. Guy de Chauliac Grande Chirurgie (N.Y. Acad. Med.) f. 83v (MED)   If forsoþ it [sc. an ulcer] be somych augmented in malice þat it consumeþ membrez, it ys said manducans, i. etyng.] --- ]o]wotd/oed/manducate[



1623   ]b]H. Cockeram Eng. Dict.[   Manducate, to eat. --- ]o]wotd/oed/manducate[



1727   in ]b]N. Bailey Universal Etymol. Eng. Dict. II[   Manducate --- ]o]wotd/oed/manducate[



1983   ]b]‘Trevanian’ Summer of Katya[ (1984) 148   Fell upon the wretched vegetable and manducated it. --- ]o]wotd/oed/manducate[




1826   ]b]J. M. Good Bk. Nature I.[ xii. 310   The..manducated food. --- ]o]wotd/oed/manducate[



he is a flat-out ]w]mythomane[, dedicated to the Sublime, the Enormous and the Ultra-German; a marvelous artist at his best and at his worst a Black Forest ham. ROBERT HUGHES, "MOCKER OF ALL STYLES," TIME, MAY 27, 1999 --- ]o]wotd/ddc[





… when the Alpine climbers ascend the snow-clad mountains of picturesque Switzerland and gather a pretty little bouquet of a dozen different ]w]nival[ flowers, on that barren zone …. C. O. VAN CLEVE, "ARCTIC FLOWERS," ANNUAL REPORT OF THE MINNESOTA STATE HORTICULTURAL SOCIETY, 1888 --- ]o]wotd/ddc[





1976 April, Colin Dexter, chapter 38, in Last Seen Wearing, London: Pan Books, →ISBN; paperback edition, London: Pan Books, 2016, →ISBN:
With sudden interest Morse turned up the volume [of the radio]: the voice was donnish, slightly effeminate. [...] 'Shert erp, you ]w]poncy[ twit!' he said aloud, got out of bed, pulled on his clothes, walked downstairs and dialled the speaking clock. --- ]o]wotd/wikt[



1990, Dale Gunthorp, “Gypsophilia”, in Naomi Holoch and Joan Nestle, editors, The Vintage Book of International Lesbian Fiction, New York, N.Y.: Vintage Books, published 1999 (2010 printing), →ISBN, page 86:
It was Johannesburg's only regular gay bar in those days, and not even a proper bar. [...] Since apartheid was a way of life, only the ]w]ponciest[ of African queens, only the butchest of Indian dykes could appear—noncitizens acceptable, in this underworld that was deviant but uncourageous, so long as they were no more than bedding material. --- ]o]wotd/wikt[



1992, Liza Cody, chapter 8, in Bucket Nut, London: Chatto and Windus, →ISBN; paperback edition, London: Bloomsbury Publishing, 1997, →ISBN, page 32: And in his ]w]ponciest[ voice he said, 'I do most humbly apologise.' --- ]o]wotd/wikt[



Uncertain, but probably an ]w]aphetic[ form of French alphonse (“kept man”), from the male given name Alphonse. Also sometimes connected to pounce or French pensionnaire (“pensioner, person living without working”). --- ]o]wotd/wikt/ponce[



2000, Ben Kingsley as Don Logan, Sexy Beast: Thanks Don, see you Don, off to sunny Spain now Don, fuck off Don. Lying in your pool like a fat blob laughing at me, you think I'm gonna have that? You really think I'm gonna have that, ya ]w]ponce[. --- ]o]wotd/wikt/poncy[



]w]ponce wheel[ (plural ponce wheels) A small metal wheel with evenly spaced points or spikes used for making a series of small holes in soft material such as fabric, leather, wood or paper, so as to leave an indelible but hardly visible mark. --- ]o]wotd/wikt/poncy[



1999, Neil Gaiman, Stardust, New York, N.Y.: Spike, →ISBN; 1st Perennial edition, New York, N.Y.: Perennial, 2001, →ISBN, page 58:
But the youth of today were a pasty lot, with none of the get-up-and-go, none of the vigor and ]w]vim[ that he remembered from the days when he was young … --- ]o]wotd/wikt[



The show had a lot of ]w]pizzazz[, with glittering costumes and upbeat music --- ]o]wotd/wikt/vim[



A ]w]Burmese[ unit of measure for weight, approximately 1.63293 kilograms (3.6 pounds). --- ]o]wotd/wikt/vim/vis/viss[

]w]tical[ (a unit of weight equal to 0.01 viss) --- ]o]wotd/wikt/vim/vis/viss[



]w]vis[ --- ]o]wotd/wikt/vim[

Abbreviation of ]w]viscount[.



A member of the ]w]peerage[, above a baron but below a count or earl. --- ]o]wotd/wikt/vim/vis/viscount[

(entomology) Any of various ]w]nymphalid[ butterflies of the genus Tanaecia. Other butterflies in this genus are called earls and counts. --- ]o]wotd/wikt/vim/vis/viscount[



When the reprise of the theme occurs, Mozart does not give himself the trouble to write out the orchestration a second time, but merely writes across the lines the words, “]w]Come prima[.” — The Musical World (London, ENg.), 26 Jan. 1856 --- ]o]mw/trend[



From Old English ęft (again) + sona (soon). Ultimately from the Indo-European root apo- (off or away), which is also the source of after, off, awkward, post, puny, ]w]appose[, and ]w]apposite[. Earliest documented use: 1000. --- ]o]wotd/awad/eftsoon[



]w]eftsoons[ we turned to the volume of Shakespeare that we had at hand.” Al Sicherman; Al’s ‘Midsummer Night’s Dream’; Minneapolis Star and Tribune (Minnesota); Aug 9, 1987. --- ]o]wotd/awad[



Mrs May survives ]w]faute de mieux[. The Tory party can’t agree on who should succeed her and both factions fear that the alternative would be worse for them.” James Forsyth: The Plots Thicken; The Spectator (London, UK); Oct 14, 2017 --- ]o]wotd/awad[

Yo you wanna smoke some ]w]jebb[?" "Hell yeah, put some DMB on" --- ]moby-dick/jebb[

in the Elder ]w]Futhark[ and was called ]w]thorn[ in the Anglo-Saxon and thorn or thurs in the Scandinavian rune poems. --- ]o]wotd/oed/manducate[

It is pronounced as either a voiceless dental ]w]fricative[ [θ] or the voiced counterpart of it [ð]. However, in modern Icelandic, it is pronounced as a laminal voiceless ]w]alveolar[ non-sibilant fricative [θ̠],[1][2] similar to th as in the English word thick, or a (usually ---  ]o]wotd/oed/manducate/thorn[

e freely-distributed official -and- format was first con-
verted personally to Unofficial Texinfo Format () version 1 by Lytha
Ayth during a long Emacs ]w]lovefest[ weekend in April, 2001.   --- ]o]sicp[

Our traffic with the subject maer of this book involves us with
three ]w]foci[ of phenomena --- ]o]sicp[

and understanding them is essential to participation
in the ]w]Promethean[ enterprise called programming. --- ]o]sicp[

e first edition of the book closely followed the ]w]syllabus[ of our
 one-semester subject. --- ]o]sicp[

]b]N.E.D. (1908)[ gives the pronunciation as (miuzǫ·fŏbist) /mjuːˈzɒfəbɪst/. --- wotd/oed/musophobist

1880   A. C. Swinburne Misc. (1886) 49   But, be it said with leave of our most illustrious Musophobist, they are equalled at their best if not excelled [etc.]. --- wotd/oed/



at is the argument we have heard from
our ]w]humanists[ and most of our computer scientists.--- sicp

—]p]Marvin Minsky[, “Why Programming Is a Good Medium
for Expressing Poorly-Understood and Sloppily-Formulated
Ideas” --- sicp

Scheme, the dialect of Lisp that we use, is an aempt to bring to-
gether the power and elegance of Lisp and Algol. From Lisp we take the
]w]metalinguistic[ power that derives from the simple syntax, --- sicp




Cafe Minimalism:
	To espouse a philosophy of minimalism without actually putting
into practice any of its ]w]tenets[.
		-- Douglas Coupland, "Generation X: Tales for an Accelerated
		   Culture" --- fortune

From The Collaborative International Dictionary of English v.0.48 [gcide]:

  Ad- \Ad-\ [A Latin preposition, signifying to. See {At}.]
     As a prefix ad- assumes the forms ac-, af-, ag-, al-, an-,
     ap-, ar-, as-, at-, assimilating the d with the first letter
     of the word to which ad- is prefixed. It remains unchanged
     before vowels, and before d, h, j, m, v. Examples: adduce,
     adhere, adjacent, admit, advent, accord, affect, aggregate,
     allude, annex, appear, etc. It becomes ac- before qu, as in
     acquiesce.
     [1913 Webster] --- sicporfrtune


there is a long history of erroneous def-
initions of substitution in the literature of logic and programming semantics. ]p]See Stoy[
]b]1977 for a careful discussion of substitution[.

Imperate \Im"pe*rate\, a. [L. imperatus, p. p. of imperare to
     command.]
     Done by express direction; not involuntary; communded. [Obs.]
     [1913 Webster]
  
           Those imperate acts, wherein we see the empire of the
           soul.                                    --Sir M. Hale.
     [1913 Webster] --- sicp




is square-root algorithm is actually a special case of Newton’s method, which is
a general technique for finding roots of equations. e square-root algorithm itself was
developed by ]p]Heron[ of Alexandria in the first century .. We will see how to express
the general Newton’s method as a Lisp procedure in Section 1.3.4. --- sicp

Now let’s formalize the process in terms of procedures. We start
with a value for the ]w]radicand[ (the number whose square root we are
trying to compute) and a value for the guess. If the guess is good enough
for our purposes, we are done; if not, we must repeat the process with
an improved guess. We write this basic strategy as a procedure: --- sicp

sea of ]w]cortez[ --- inca/gold 381

sarason was not ]w]clairvoyant[ --- inca/gold 381

]w]emasculated[ tupac amaru --- inca/gold 387

you would better lay off the ]w]mescal[ --- inca/gold 388

packing ]w]crate[ --- inca/gold 389

imbalance of four bodily fluids, or humors: blood, ]w]phlegm[, ]w]black bile[, and ]w]yellow bile[. It was believed that a deficiency of yellow bile, or choler, the humor --- wotd/mw/lily-livered



The deus ex machina aspect of Mando's comrades popping up to save him and Baby Yoda from certain death once he proved he wasn't a ]w]lily-livered[ Empire flunky kind of irked me, but I often have that complaint with sci-fi and superhero stories, both of which are prone to ending battles with an out-of-nowhere assist." — Katie Rife, The A.V. Club, 22 Nov. 2019 --- wotd/mw



. Club, 22 Nov. 2019

"I did see more salads than should be allowed in a place like this—something the tentacle-bearded sea captain would surely dismiss as ]w]lily-livered[ landlubber food. And when you're deep inside the belly of Helmsman Ale House, marvelling at the … original arched, wood-beam ceilings that make you feel as if you've been swallowed by the hull of an ancient schooner, salad seems a silly thing to eat, especially while you're chugging a pint." — Edwin Goei, OC Weekly (Costa Mesa, California), 25 Sept. 2019 --- wotd/mw



He seemed to be working in obedience to some particular ]w]presentiment[. Nor did it remain unwarranted by the event. --- moby-dick/when Queequeg was greasing his boat bottom/boat bottom button/CHAPTER 84: Pitchpoling



]w]precipice[
Precipice (?), n. [F. précipice, L. praecipitium, fr. praeceps, -cipitis, headlong; prae before + caput, capitis, the head. See Pre-, and Chief.] 1. A sudden or headlong fall. [Obs.]  Fuller.

2. A headlong steep; a very steep, perpendicular, or overhanging place; an abrupt declivity; a cliff.

Where wealth like fruit on precipices grew. Dryden.  --- moby-dick/the whales/CHAPTER 84: Pitchpoling/precipitancy





they turned and fled with swift ]w]precipitancy[;  --- moby-dick/the whales/CHAPTER 84: Pitchpoling



as of Cleopatra’s barges from ]w]Actium[ --- moby-dick/CHAPTER 84: Pitchpoling



became ]w]imperative[ to lance the flying whale, or be content to lose him --- moby-dick/the whales/CHAPTER 84: Pitchpoling



none exceed that fine man]g]œ[uvre with the lance called ]w]pitchpoling[ --- moby-dick/CHAPTER 84: Pitchpoling






inveterate
Inveterate (?), v. t. To fix and settle by long continuance. [Obs.]  Bacon.

Inveterate (?), a. [L. inveteratus, p. p. of inveterare to render old; pref. in- in + vetus, veteris, old. See Veteran.]

1. Old; long-established. [Obs.]

It is an inveterate and received opinion. Bacon.

2. Firmly established by long continuance; obstinate; deep-rooted; of long standing; as, an inveterate disease; an inveterate abuse.

Heal the inveterate ]w]canker[s of one wound. Shak.

3. Having habits fixed by long continuance; confirmed; habitual; as, an inveterate idler or smoker.

4. Malignant; virulent; spiteful.  H. Brooke.--- moby-dick/CHAPTER 84: Pitchpoling/inveterate





It is only indispensable with an ]w]inveterate[ running whale; --- moby-dick/CHAPTER 84: Pitchpoling






Woe to him whose daring hand profanes
           The honored heirlooms of his ancestors.  --Moir.
     [1913 Webster]




1652   J. Gaule Πυς-μαντια 142   To trouble his own answer, and confound his own sentence,..through an ]w]ambagical[ circumlocution of words and termes.
1921   Public Opinion 30 Dec. 653/2   Nothing could be..more sententious and ambagical than the first chapter of ‘The Newcomes’. ---  wotdd / oed 



1998   P. B. Taylor Chaucer Translator v. 72   Chaucer's apology is..a brilliantly contrived and multilayered piece of ]w]ambage[. --- wotdd / oed / ambagical




]w]gewgaw[ --- wotd/ddc/trangham --- wotd / vague



Trangam, also spelled trangame, trangram, and trankum, is a rare noun with no obvious etymology. Sir Walter Scott (1771–1832) helped revive trangam in The ]b]Abbot[ (1820), one of the earlier Waverley Novels. Trangam entered English in the 17th century. --- wotd/ddc



And meet time it was, when yon usher, vinegar-faced rogue that he is, began to enquire what popish ]w]trangam[ you were wearing …

SIR WALTER SCOTT, THE ABBOT, 1820 --- wotd/ddc



Go, go your ways, get you gone, and finefy your Knacks and ]w]Tranghams[ …

]a]APHRA BEHN[, ]b]SIR PATIENT FANCY[, 1678 --- wotd/ddc



Word of the day
for January 15
wench n
(archaic, now dialectal or humorous) A girl or young woman, especially a ]w]buxom[ or lively one.
(specifically) A girl or young woman of a lower class. --- wotd/wikt/wench



developed from ars, the Latin root underlying the word art (and related terms such as artist and ]w]artisan[). --- wotd/mw/artifice



Examples
"A generation that's grown up with Snapchat-filtered selfies and ]w]pop feminism[ seems to have an innate understanding that ]w]artifice[ doesn't negate authenticity, or that a penchant for towering wigs --- wotd/mw/artifice



and Wilson introduced a soupçon of reality to offset the ]w]artifice[. H
after she's instantly smitten with errant rich-kid Tony, who's slumming it as an errand boy
and Wilson introduced a ]w]soupçon[ of reality to offset the artifice. Having pretended --- wotd/mw



USAGE:
“The wind now rising ]w]amain[, he in vain strove.”
Herman Melville; Moby Dick; Harper; 1851. --- wotd/awad



A THOUGHT FOR TODAY:
It is not what we do, but also what we do not do, for which we are accountable. -]p]Moliere[, actor and playwright (15 Jan 1622-1673) --- wotd/awad



warp
Warp, n. [AS. wearp; akin to Icel. varp a casting, throwing, Sw. varp the draught of a net, Dan. varp a towline, OHG. warf warp, G. werft.  See Warp, v.]

1. (Weaving) The threads which are extended lengthwise in the loom, and crossed by the ]w]woof[.

--- moby-dick/warp





Stubb whistlingly gathers up the coil of the ]w]warp[ in one hand, so as to secure its free end in his grasp, --- moby-dick



That drove the ]w]spigot[ out of him!” cried Stubb. --- moby-dick



and the wonderful books by ]a]Mike Eisenberg[ and by Brian Harvey and ]a]Mahew Wright[.
We appreciate the work of those who contributed --- sicp







In fact, the “]w]percolate[ values upward” form of the evaluation rule is an example of a general kind of process known as tree accumulation. --- sicp







ways are sometimes called syntactic sugar, to use a phrase coined by ]w]Peter Landin[. --- sicp



complex. In the words of ]p]Alan Perlis[, “Syntactic sugar causes cancer of the semicolon.” --- sicp


You can read news (and mail) from within Emacs by using Gnus.  The news
can be gotten by any ]w]nefarious[ means you can think of—NNTP, local spool
or your mbox file.  All at the same time, if you want to push your luck. --- info gnu/trying to find man for c syntax

Nefarious \Ne*fa"ri*ous\, a. [L. nefarius, fr. nefas crime,
     wrong; ne not + fas divine law; akin to fari to speak. See
     {No}, adv., and {Fate}.]
     Wicked in the extreme; abominable; ]w]iniquitous[; atrociously
     villainous; execrable; detestably vile.
     [1913 Webster]  --- info gnu/trying to find man for c syntax/nefarious




1994   Times 11 May 16/7   Her book [is] infinitely superior to the average ]w]schlockbuster[.
2013   Sunday Herald Sun (Melbourne) (Nexis) 21 July 103   ]iw]Sharknado[, the ]w]schlockbuster[ that hooked America and crashed Twitter, is 86 minutes of escapist joy. --- oed


Pontresina, a picture-book village tucked just around the mountain from imperious St. Moritz, turns out to be one of the best places in the world to do cross-country skiing—or ]w]langlauf[ as it’s known.
ALLISON PEARSON, "SKIING IN SWITZERLAND: ALLISON PEARSON LEARNS TO CROSS-COUNTRY SKI IN PONTRESINA," TELEGRAPH, MARCH 2, 2012 --- ddc


]w]Q.E.D.[ or QED (sometimes italicized) is an initialism of the Latin phrase "]w]quod erat demonstrandum[", literally meaning "what was to be shown". --- ed manual


1800, [Maria Edgeworth], “An Hibernian Tale”, in Castle Rackrent, an Hibernian Tale. […], London: Printed for J[oseph] Johnson, […] [b]y J. Crowder, […], OCLC 1102765995, footnote, page 29:
[T]hey always used the most abject language, and the most humble tone and posture—"Please your honour,—and please your honour's honour," they knew must be repeated as a charm at the beginning and end of every equivocating, ]w]exculpatory[, or supplicatory sentence— [...] --- wikt

1987, Air Force Magazine‎[1], page 58:
The names of materials presently used in aerospace applications are familiar: magnesium, aluminum, titanium, and so on. Propulsion scientists call the ideal material for turbine engines "Unobtainium," because it does not exist. --- wikt


2008 March, Alexander Jablokov, “The Boarder”, in The Magazine of Fantasy & Science Fiction, volume 114, number 3, Concord, N.H.: Fantasy House, ISSN 1095-8258, OCLC 489436821, page 9:
It made no sense to him that their very impossibility was their pleasure. He puzzled over the spacecraft and their handwavium drives. "The thousand and one nights of Scheherazade, told by an engineering student who failed his graduation exams," was his literary judgment. --- wikt/Unobtainium

The word horripilation—a fancy word for goose bumps—is also a hirsute relation; its Latin source, horripilāre, means "to shudder," and was formed from horrēre and ]w]pilus[ ("hair") --- mw/hirsute

"Berry is a stocky, hirsute fellow, with a big, rich voice that immediately calls to mind the word ']w]thespian[' and gives everything he says a sheen of (over)dramatic irony…." — Robert Lloyd, The Los Angeles Times, 3 Dec. 2019 --- mw/hirsute



"Lord Deverell wanted a loan from me based upon his contribution. Wanted out of the ]w]tontine[ entirely, rather, but without having to go to the trouble of dying." — Theresa Romain, Lady Notorious, 2019 --- mw

Glabrous \Gla"brous\, a. [L. glaber; cf. Gr. ? hollow, smooth, ?
     to hollow.]
     Smooth; having a surface without hairs or any unevenness.
     [1913 Webster] --- mw/hirsute

"What kind of a play might Shakespeare have written if Lady Macbeth, rather than her husband, had been given the leading role? This is the premise of Kally Lloyd-Jones's bold and haunting new work, in which she tries to imagine the full story of a woman so deprived of purpose, so hell-bent on vicarious power, that she will goad her husband to commit ]w]regicide[." — The Guardian (London), 9 Aug. 2017 --- mw/vicarious

"In order for a lunar calendar to keep up with the solar year and the seasons, it is necessary to ]w]intercalate[ a 13th lunar month every two or three years." — Sacha Stern, Calendars in Antiquity: Empires, States, and Societies, 2012 --- mw

A THOUGHT FOR TODAY:
Be kind to thy father, for when thou wert young, / Who loved thee so fondly as he? / He caught the first accents that fell from thy tongue, / And joined in thy innocent glee. -Margaret Courtney, poet (1822-1862) --- awad/certs

“You have to fall in love with hanging around words.” ~John Ciardi --- awad/certds